[2021-10-26 21:31:04] [ ERROR] [HibernateUtil:30] HibernateUtil.buildSessionFactory(): Initial SessionFactory creation failed.
org.hibernate.AnnotationException: Collection has neither generic type or OneToMany.targetEntity() defined: entities.Roles.usuarioses
	at org.hibernate.cfg.annotations.CollectionBinder.getCollectionType(CollectionBinder.java:773)
	at org.hibernate.cfg.annotations.CollectionBinder.bind(CollectionBinder.java:561)
	at org.hibernate.cfg.AnnotationBinder.processElementAnnotations(AnnotationBinder.java:2210)
	at org.hibernate.cfg.AnnotationBinder.processIdPropertiesIfNotAlready(AnnotationBinder.java:978)
	at org.hibernate.cfg.AnnotationBinder.bindClass(AnnotationBinder.java:805)
	at org.hibernate.boot.model.source.internal.annotations.AnnotationMetadataSourceProcessorImpl.processEntityHierarchies(AnnotationMetadataSourceProcessorImpl.java:225)
	at org.hibernate.boot.model.process.spi.MetadataBuildingProcess$1.processEntityHierarchies(MetadataBuildingProcess.java:239)
	at org.hibernate.boot.model.process.spi.MetadataBuildingProcess.complete(MetadataBuildingProcess.java:282)
	at org.hibernate.boot.model.process.spi.MetadataBuildingProcess.build(MetadataBuildingProcess.java:86)
	at org.hibernate.boot.internal.MetadataBuilderImpl.build(MetadataBuilderImpl.java:479)
	at org.hibernate.boot.internal.MetadataBuilderImpl.build(MetadataBuilderImpl.java:85)
	at utils.HibernateUtil.buildSessionFactory(HibernateUtil.java:25)
	at utils.HibernateUtil.<clinit>(HibernateUtil.java:16)
	at dao.LoginDao.<clinit>(LoginDao.java:22)
	at Main.main(Main.java:8)
[2021-10-26 21:35:12] [ ERROR] [HibernateUtil:30] HibernateUtil.buildSessionFactory(): Initial SessionFactory creation failed.
org.hibernate.AnnotationException: Collection has neither generic type or OneToMany.targetEntity() defined: entities.Roles.usuarioses
	at org.hibernate.cfg.annotations.CollectionBinder.getCollectionType(CollectionBinder.java:773)
	at org.hibernate.cfg.annotations.CollectionBinder.bind(CollectionBinder.java:561)
	at org.hibernate.cfg.AnnotationBinder.processElementAnnotations(AnnotationBinder.java:2210)
	at org.hibernate.cfg.AnnotationBinder.processIdPropertiesIfNotAlready(AnnotationBinder.java:978)
	at org.hibernate.cfg.AnnotationBinder.bindClass(AnnotationBinder.java:805)
	at org.hibernate.boot.model.source.internal.annotations.AnnotationMetadataSourceProcessorImpl.processEntityHierarchies(AnnotationMetadataSourceProcessorImpl.java:225)
	at org.hibernate.boot.model.process.spi.MetadataBuildingProcess$1.processEntityHierarchies(MetadataBuildingProcess.java:239)
	at org.hibernate.boot.model.process.spi.MetadataBuildingProcess.complete(MetadataBuildingProcess.java:282)
	at org.hibernate.boot.model.process.spi.MetadataBuildingProcess.build(MetadataBuildingProcess.java:86)
	at org.hibernate.boot.internal.MetadataBuilderImpl.build(MetadataBuilderImpl.java:479)
	at org.hibernate.boot.internal.MetadataBuilderImpl.build(MetadataBuilderImpl.java:85)
	at utils.HibernateUtil.buildSessionFactory(HibernateUtil.java:25)
	at utils.HibernateUtil.<clinit>(HibernateUtil.java:16)
	at dao.LoginDao.<clinit>(LoginDao.java:21)
	at Main.main(Main.java:8)
[2021-10-26 21:38:52] [ ERROR] [HibernateUtil:30] HibernateUtil.buildSessionFactory(): Initial SessionFactory creation failed.
org.hibernate.AnnotationException: Collection has neither generic type or OneToMany.targetEntity() defined: entities.Roles.usuarioses
	at org.hibernate.cfg.annotations.CollectionBinder.getCollectionType(CollectionBinder.java:773)
	at org.hibernate.cfg.annotations.CollectionBinder.bind(CollectionBinder.java:561)
	at org.hibernate.cfg.AnnotationBinder.processElementAnnotations(AnnotationBinder.java:2210)
	at org.hibernate.cfg.AnnotationBinder.processIdPropertiesIfNotAlready(AnnotationBinder.java:978)
	at org.hibernate.cfg.AnnotationBinder.bindClass(AnnotationBinder.java:805)
	at org.hibernate.boot.model.source.internal.annotations.AnnotationMetadataSourceProcessorImpl.processEntityHierarchies(AnnotationMetadataSourceProcessorImpl.java:225)
	at org.hibernate.boot.model.process.spi.MetadataBuildingProcess$1.processEntityHierarchies(MetadataBuildingProcess.java:239)
	at org.hibernate.boot.model.process.spi.MetadataBuildingProcess.complete(MetadataBuildingProcess.java:282)
	at org.hibernate.boot.model.process.spi.MetadataBuildingProcess.build(MetadataBuildingProcess.java:86)
	at org.hibernate.boot.internal.MetadataBuilderImpl.build(MetadataBuilderImpl.java:479)
	at org.hibernate.boot.internal.MetadataBuilderImpl.build(MetadataBuilderImpl.java:85)
	at utils.HibernateUtil.buildSessionFactory(HibernateUtil.java:25)
	at utils.HibernateUtil.<clinit>(HibernateUtil.java:16)
	at dao.LoginDao.<clinit>(LoginDao.java:21)
	at Main.main(Main.java:8)
[2021-10-26 21:39:28] [ ERROR] [HibernateUtil:30] HibernateUtil.buildSessionFactory(): Initial SessionFactory creation failed.
org.hibernate.AnnotationException: Collection has neither generic type or OneToMany.targetEntity() defined: entities.Roles.usuarioses
	at org.hibernate.cfg.annotations.CollectionBinder.getCollectionType(CollectionBinder.java:773)
	at org.hibernate.cfg.annotations.CollectionBinder.bind(CollectionBinder.java:561)
	at org.hibernate.cfg.AnnotationBinder.processElementAnnotations(AnnotationBinder.java:2210)
	at org.hibernate.cfg.AnnotationBinder.processIdPropertiesIfNotAlready(AnnotationBinder.java:978)
	at org.hibernate.cfg.AnnotationBinder.bindClass(AnnotationBinder.java:805)
	at org.hibernate.boot.model.source.internal.annotations.AnnotationMetadataSourceProcessorImpl.processEntityHierarchies(AnnotationMetadataSourceProcessorImpl.java:225)
	at org.hibernate.boot.model.process.spi.MetadataBuildingProcess$1.processEntityHierarchies(MetadataBuildingProcess.java:239)
	at org.hibernate.boot.model.process.spi.MetadataBuildingProcess.complete(MetadataBuildingProcess.java:282)
	at org.hibernate.boot.model.process.spi.MetadataBuildingProcess.build(MetadataBuildingProcess.java:86)
	at org.hibernate.boot.internal.MetadataBuilderImpl.build(MetadataBuilderImpl.java:479)
	at org.hibernate.boot.internal.MetadataBuilderImpl.build(MetadataBuilderImpl.java:85)
	at utils.HibernateUtil.buildSessionFactory(HibernateUtil.java:25)
	at utils.HibernateUtil.<clinit>(HibernateUtil.java:16)
	at dao.LoginDao.<clinit>(LoginDao.java:21)
	at Main.main(Main.java:8)
